#
# There is insufficient memory for the Java Runtime Environment to continue.
# Native memory allocation (mmap) failed to map 130023424 bytes for G1 virtual space
# Possible reasons:
#   The system is out of physical RAM or swap space
#   The process is running with CompressedOops enabled, and the Java Heap may be blocking the growth of the native heap
# Possible solutions:
#   Reduce memory load on the system
#   Increase physical memory or swap space
#   Check if swap backing store is full
#   Decrease Java heap size (-Xmx/-Xms)
#   Decrease number of Java threads
#   Decrease Java thread stack sizes (-Xss)
#   Set larger code cache with -XX:ReservedCodeCacheSize=
#   JVM is running with Unscaled Compressed Oops mode in which the Java heap is
#     placed in the first 4GB address space. The Java Heap base address is the
#     maximum limit for the native heap growth. Please use -XX:HeapBaseMinAddress
#     to set the Java Heap base and to place the Java Heap above 4GB virtual address.
# This output file may be truncated or incomplete.
#
#  Out of Memory Error (os_windows.cpp:3528), pid=10460, tid=12152
#
# JRE version:  (20.0.2.1+10) (build )
# Java VM: OpenJDK 64-Bit Server VM (20.0.2.1+10-FR, mixed mode, sharing, tiered, compressed oops, compressed class ptrs, g1 gc, windows-amd64)
# No core dump will be written. Minidumps are not enabled by default on client versions of Windows
#

---------------  S U M M A R Y ------------

Command Line: -Dnet.bytebuddy.agent.attacher.dump= net.bytebuddy.agent.Attacher com.sun.tools.attach.VirtualMachine 7852 C:\Users\pc\.m2\repository\net\bytebuddy\byte-buddy-agent\1.15.10\byte-buddy-agent-1.15.10.jar false 

Host: AMD Ryzen 5 2500U with Radeon Vega Mobile Gfx  , 8 cores, 7G,  Windows 10 , 64 bit Build 19041 (10.0.19041.5072)
Time: Thu Dec  5 16:29:14 2024 Maroc (heure d64 bit Build 19041 (10.0.19041.5072) elapsed time: 0.020828 seconds (0d 0h 0m 0s)

---------------  T H R E A D  ---------------

Current thread (0x00000134bcef8b30):  JavaThread "Unknown thread" [_thread_in_vm, id=12152, stack(0x0000001218500000,0x0000001218600000)]

Stack: [0x0000001218500000,0x0000001218600000]
Native frames: (J=compiled Java code, j=interpreted, Vv=VM code, C=native code)
V  [jvm.dll+0x6ba11a]
V  [jvm.dll+0x8968da]
V  [jvm.dll+0x898665]
V  [jvm.dll+0x898d53]
V  [jvm.dll+0x27f9ff]
V  [jvm.dll+0x6b6f69]
V  [jvm.dll+0x6abe7a]
V  [jvm.dll+0x358ce5]
V  [jvm.dll+0x360e46]
V  [jvm.dll+0x3b19fe]
V  [jvm.dll+0x3b1c85]
V  [jvm.dll+0x329d4a]
V  [jvm.dll+0x32ab6b]
V  [jvm.dll+0x86014f]
V  [jvm.dll+0x3be8d1]
V  [jvm.dll+0x84bc93]
V  [jvm.dll+0x44a22f]
V  [jvm.dll+0x44bcc1]
C  [jli.dll+0x525c]
C  [ucrtbase.dll+0x21bb2]
C  [KERNEL32.DLL+0x17374]
C  [ntdll.dll+0x4cc91]


---------------  P R O C E S S  ---------------

Threads class SMR info:
_java_thread_list=0x00007ffeab1ae658, length=0, elements={
}

Java Threads: ( => current thread )

Other Threads:
  0x00000134bcf509a0 WorkerThread "GC Thread#0" [stack: 0x0000001218600000,0x0000001218700000] [id=5076]
  0x00000134bcf60fa0 ConcurrentGCThread "G1 Main Marker" [stack: 0x0000001218700000,0x0000001218800000] [id=8328]
  0x00000134bcf62170 WorkerThread "G1 Conc#0" [stack: 0x0000001218800000,0x0000001218900000] [id=10860]

[error occurred during error reporting (printing all threads), id 0xc0000005, EXCEPTION_ACCESS_VIOLATION (0xc0000005) at pc=0x00007ffeaa92ca97]
VM state: not at safepoint (not fully initialized)

VM Mutex/Monitor currently owned by a thread:  ([mutex/lock_event])
[0x00000134bcef4860] Heap_lock - owner thread: 0x00000134bcef8b30

Heap address: 0x0000000085600000, size: 1962 MB, Compressed Oops mode: 32-bit

CDS archive(s) mapped at: [0x0000000000000000-0x0000000000000000-0x0000000000000000), size 0, SharedBaseAddress: 0x0000000800000000, ArchiveRelocationMode: 1.
Narrow klass base: 0x0000000000000000, Narrow klass shift: 0, Narrow klass range: 0x0

GC Precious Log:
 CardTable entry size: 512
 Card Set container configuration: InlinePtr #cards 5 size 8 Array Of Cards #cards 12 size 40 Howl #buckets 4 coarsen threshold 1843 Howl Bitmap #cards 512 size 80 coarsen threshold 460 Card regions per heap region 1 cards per card region 2048

Heap:
 garbage-first heap   total 0K, used 0K [0x0000000085600000, 0x0000000100000000)
  region size 1024K, 0 young (0K), 0 survivors (0K)

[error occurred during error reporting (printing heap information), id 0xc0000005, EXCEPTION_ACCESS_VIOLATION (0xc0000005) at pc=0x00007ffeaad02409]
GC Heap History (0 events):
No events

Dll operation events (1 events):
Event: 0.013 Loaded shared library C:\Users\pc\.jdks\corretto-20.0.2.1\bin\java.dll

Deoptimization events (0 events):
No events

Classes loaded (0 events):
No events

Classes unloaded (0 events):
No events

Classes redefined (0 events):
No events

Internal exceptions (0 events):
No events

VM Operations (0 events):
No events

Events (0 events):
No events


Dynamic libraries:
0x00007ff655d60000 - 0x00007ff655d6e000 	C:\Users\pc\.jdks\corretto-20.0.2.1\bin\java.exe
0x00007fff03150000 - 0x00007fff03348000 	C:\Windows\SYSTEM32\ntdll.dll
0x00007fff02000000 - 0x00007fff020c2000 	C:\Windows\System32\KERNEL32.DLL
0x00007fff00a10000 - 0x00007fff00d0e000 	C:\Windows\System32\KERNELBASE.dll
0x00007fff00df0000 - 0x00007fff00ef0000 	C:\Windows\System32\ucrtbase.dll
0x00007ffef2c40000 - 0x00007ffef2c57000 	C:\Users\pc\.jdks\corretto-20.0.2.1\bin\jli.dll
0x00007ffef1f40000 - 0x00007ffef1f5b000 	C:\Users\pc\.jdks\corretto-20.0.2.1\bin\VCRUNTIME140.dll
0x00007fff02500000 - 0x00007fff0269d000 	C:\Windows\System32\USER32.dll
0x00007ffef0310000 - 0x00007ffef05aa000 	C:\Windows\WinSxS\amd64_microsoft.windows.common-controls_6595b64144ccf1df_6.0.19041.4355_none_60b8b9eb71f62e16\COMCTL32.dll
0x00007fff007f0000 - 0x00007fff00812000 	C:\Windows\System32\win32u.dll
0x00007fff01940000 - 0x00007fff019de000 	C:\Windows\System32\msvcrt.dll
0x00007fff01560000 - 0x00007fff0158b000 	C:\Windows\System32\GDI32.dll
0x00007fff01000000 - 0x00007fff01117000 	C:\Windows\System32\gdi32full.dll
0x00007fff00f60000 - 0x00007fff00ffd000 	C:\Windows\System32\msvcp_win.dll
0x00007fff014d0000 - 0x00007fff014ff000 	C:\Windows\System32\IMM32.DLL
0x00007ffef3090000 - 0x00007ffef309c000 	C:\Users\pc\.jdks\corretto-20.0.2.1\bin\vcruntime140_1.dll
0x00007ffebda40000 - 0x00007ffebdace000 	C:\Users\pc\.jdks\corretto-20.0.2.1\bin\msvcp140.dll
0x00007ffeaa5f0000 - 0x00007ffeab2f4000 	C:\Users\pc\.jdks\corretto-20.0.2.1\bin\server\jvm.dll
0x00007fff03050000 - 0x00007fff03101000 	C:\Windows\System32\ADVAPI32.dll
0x00007fff02840000 - 0x00007fff028df000 	C:\Windows\System32\sechost.dll
0x00007fff01740000 - 0x00007fff01863000 	C:\Windows\System32\RPCRT4.dll
0x00007fff00dc0000 - 0x00007fff00de7000 	C:\Windows\System32\bcrypt.dll
0x00007ffef3510000 - 0x00007ffef3519000 	C:\Windows\SYSTEM32\WSOCK32.dll
0x00007ffef6c70000 - 0x00007ffef6c97000 	C:\Windows\SYSTEM32\WINMM.dll
0x00007ffef6c60000 - 0x00007ffef6c6a000 	C:\Windows\SYSTEM32\VERSION.dll
0x00007fff02490000 - 0x00007fff024fb000 	C:\Windows\System32\WS2_32.dll
0x00007ffefe670000 - 0x00007ffefe682000 	C:\Windows\SYSTEM32\kernel.appcore.dll
0x00007ffef2d70000 - 0x00007ffef2d7a000 	C:\Users\pc\.jdks\corretto-20.0.2.1\bin\jimage.dll
0x00007ffef6180000 - 0x00007ffef6364000 	C:\Windows\SYSTEM32\DBGHELP.DLL
0x00007ffeed7c0000 - 0x00007ffeed7f4000 	C:\Windows\SYSTEM32\dbgcore.DLL
0x00007fff00980000 - 0x00007fff00a02000 	C:\Windows\System32\bcryptPrimitives.dll
0x00007ffed7a50000 - 0x00007ffed7a76000 	C:\Users\pc\.jdks\corretto-20.0.2.1\bin\java.dll

dbghelp: loaded successfully - version: 4.0.5 - missing functions: none
symbol engine: initialized successfully - sym options: 0x614 - pdb path: .;C:\Users\pc\.jdks\corretto-20.0.2.1\bin;C:\Windows\SYSTEM32;C:\Windows\WinSxS\amd64_microsoft.windows.common-controls_6595b64144ccf1df_6.0.19041.4355_none_60b8b9eb71f62e16;C:\Users\pc\.jdks\corretto-20.0.2.1\bin\server

VM Arguments:
jvm_args: -Dnet.bytebuddy.agent.attacher.dump= 
java_command: net.bytebuddy.agent.Attacher com.sun.tools.attach.VirtualMachine 7852 C:\Users\pc\.m2\repository\net\bytebuddy\byte-buddy-agent\1.15.10\byte-buddy-agent-1.15.10.jar false 
java_class_path (initial): C:\Users\pc\.m2\repository\net\bytebuddy\byte-buddy-agent\1.15.10\byte-buddy-agent-1.15.10.jar
Launcher Type: SUN_STANDARD

[Global flags]
     intx CICompilerCount                          = 4                                         {product} {ergonomic}
     uint ConcGCThreads                            = 2                                         {product} {ergonomic}
     uint G1ConcRefinementThreads                  = 8                                         {product} {ergonomic}
   size_t G1HeapRegionSize                         = 1048576                                   {product} {ergonomic}
    uintx GCDrainStackTargetSize                   = 64                                        {product} {ergonomic}
   size_t InitialHeapSize                          = 130023424                                 {product} {ergonomic}
   size_t MarkStackSize                            = 4194304                                   {product} {ergonomic}
   size_t MaxHeapSize                              = 2057306112                                {product} {ergonomic}
   size_t MinHeapDeltaBytes                        = 1048576                                   {product} {ergonomic}
   size_t MinHeapSize                              = 8388608                                   {product} {ergonomic}
    uintx NonNMethodCodeHeapSize                   = 5839372                                {pd product} {ergonomic}
    uintx NonProfiledCodeHeapSize                  = 122909434                              {pd product} {ergonomic}
    uintx ProfiledCodeHeapSize                     = 122909434                              {pd product} {ergonomic}
    uintx ReservedCodeCacheSize                    = 251658240                              {pd product} {ergonomic}
     bool SegmentedCodeCache                       = true                                      {product} {ergonomic}
   size_t SoftMaxHeapSize                          = 2057306112                             {manageable} {ergonomic}
     bool UseCompressedClassPointers               = true                           {product lp64_product} {ergonomic}
     bool UseCompressedOops                        = true                           {product lp64_product} {ergonomic}
     bool UseG1GC                                  = true                                      {product} {ergonomic}
     bool UseLargePagesIndividualAllocation        = false                                  {pd product} {ergonomic}

Logging:
Log output configuration:
 #0: stdout all=warning uptime,level,tags foldmultilines=false
 #1: stderr all=off uptime,level,tags foldmultilines=false

Environment Variables:
JAVA_HOME=C:\Program Files\Java\jdk-21
PATH=C:\ProgramData\Oracle\Java\javapath;C:\Program Files\Common Files\Oracle\Java\javapath;C:\Program Files (x86)\VMware\VMware Workstation\bin\;D:\WINDOWS.X64_193000_db_home\bin;C:\Windows\system32;C:\Windows;C:\Windows\System32\Wbem;C:\Windows\System32\WindowsPowerShell\v1.0\;C:\Windows\System32\OpenSSH\;C:\Program Files\Vagrant\bin;%JAVA_HOME%\bin;D:\Nouveau dossier\;C:\Program Files\Git\cmd;C:\xampp\php;D:\S2\composer.phar;D:\S2\sonar-scanner-6.2.1.4610-windows-x64\bin;C:\Program Files\Java\jdk-21\bin;C:\Users\pc\AppData\Roaming\npm;D:\S2\flutter\bin;C:\Users\pc\AppData\Local\Pub\Cache\bin;C:\Program Files\MySQL\MySQL Shell 8.0\bin\;C:\Users\pc\AppData\Local\Microsoft\WindowsApps;C:\Users\pc\AppData\Local\Programs\Microsoft VS Code\bin;D:\Master\IntelliJ IDEA 2024.1\bin;;C:\Users\pc\AppData\Roaming\npm;D:\VS VS\IntelliJ IDEA Community Edition 2024.1.1\bin;;C:\Users\pc\AppData\Roaming\Composer\vendor\bin
USERNAME=pc
OS=Windows_NT
PROCESSOR_IDENTIFIER=AMD64 Family 23 Model 17 Stepping 0, AuthenticAMD
TMP=C:\Users\pc\AppData\Local\Temp
TEMP=C:\Users\pc\AppData\Local\Temp




---------------  S Y S T E M  ---------------

OS:
 Windows 10 , 64 bit Build 19041 (10.0.19041.5072)
OS uptime: 2 days 20:53 hours

CPU: total 8 (initial active 8) (8 cores per cpu, 2 threads per core) family 23 model 17 stepping 0 microcode 0x0, cx8, cmov, fxsr, ht, mmx, 3dnowpref, sse, sse2, sse3, ssse3, sse4a, sse4.1, sse4.2, popcnt, lzcnt, tsc, tscinvbit, avx, avx2, aes, clmul, bmi1, bmi2, adx, sha, fma, vzeroupper, clflush, clflushopt, rdtscp, f16c

Memory: 4k page, system-wide physical 7843M (293M free)
TotalPageFile size 12846M (AvailPageFile size 55M)
current process WorkingSet (physical memory assigned to process): 10M, peak: 10M
current process commit charge ("private bytes"): 60M, peak: 184M

vm_info: OpenJDK 64-Bit Server VM (20.0.2.1+10-FR) for windows-amd64 JRE (20.0.2.1+10-FR), built on 2023-08-19T09:18:31Z by "Administrator" with unknown MS VC++:1937

END.
